{"/Users/williamshackelford/Sites/white-label-view/spec/testspec.js":{"path":"/Users/williamshackelford/Sites/white-label-view/spec/testspec.js","s":{"1":1,"2":1,"3":1,"4":1,"5":1,"6":1,"7":1,"8":9,"9":9,"10":9,"11":9,"12":9,"13":9,"14":9,"15":9,"16":9,"17":1,"18":1,"19":1,"20":9,"21":1,"22":9,"23":1,"24":1,"25":1,"26":1,"27":1,"28":1,"29":1,"30":1,"31":1,"32":1,"33":1,"34":1,"35":1,"36":1,"37":1,"38":1,"39":1,"40":1,"41":1,"42":1,"43":1},"b":{},"f":{"1":1,"2":1,"3":1,"4":9,"5":0,"6":0,"7":0,"8":9,"9":0,"10":1,"11":1,"12":1,"13":9,"14":1,"15":1,"16":1,"17":1,"18":1,"19":1,"20":1,"21":1,"22":1},"fnMap":{"1":{"name":"(anonymous_1)","line":7,"loc":{"start":{"line":7,"column":20},"end":{"line":7,"column":31}}},"2":{"name":"(anonymous_2)","line":8,"loc":{"start":{"line":8,"column":44},"end":{"line":8,"column":55}}},"3":{"name":"(anonymous_3)","line":13,"loc":{"start":{"line":13,"column":19},"end":{"line":13,"column":30}}},"4":{"name":"(anonymous_4)","line":14,"loc":{"start":{"line":14,"column":15},"end":{"line":14,"column":26}}},"5":{"name":"(anonymous_5)","line":16,"loc":{"start":{"line":16,"column":28},"end":{"line":16,"column":39}}},"6":{"name":"(anonymous_6)","line":17,"loc":{"start":{"line":17,"column":30},"end":{"line":17,"column":41}}},"7":{"name":"(anonymous_7)","line":18,"loc":{"start":{"line":18,"column":36},"end":{"line":18,"column":47}}},"8":{"name":"(anonymous_8)","line":23,"loc":{"start":{"line":23,"column":23},"end":{"line":23,"column":26}}},"9":{"name":"(anonymous_9)","line":26,"loc":{"start":{"line":26,"column":21},"end":{"line":26,"column":24}}},"10":{"name":"(anonymous_10)","line":28,"loc":{"start":{"line":28,"column":22},"end":{"line":28,"column":25}}},"11":{"name":"(anonymous_11)","line":31,"loc":{"start":{"line":31,"column":18},"end":{"line":31,"column":21}}},"12":{"name":"(anonymous_12)","line":34,"loc":{"start":{"line":34,"column":24},"end":{"line":34,"column":27}}},"13":{"name":"(anonymous_13)","line":40,"loc":{"start":{"line":40,"column":14},"end":{"line":40,"column":25}}},"14":{"name":"(anonymous_14)","line":43,"loc":{"start":{"line":43,"column":23},"end":{"line":43,"column":34}}},"15":{"name":"(anonymous_15)","line":46,"loc":{"start":{"line":46,"column":40},"end":{"line":46,"column":51}}},"16":{"name":"(anonymous_16)","line":49,"loc":{"start":{"line":49,"column":35},"end":{"line":49,"column":46}}},"17":{"name":"(anonymous_17)","line":52,"loc":{"start":{"line":52,"column":41},"end":{"line":52,"column":52}}},"18":{"name":"(anonymous_18)","line":55,"loc":{"start":{"line":55,"column":35},"end":{"line":55,"column":46}}},"19":{"name":"(anonymous_19)","line":58,"loc":{"start":{"line":58,"column":24},"end":{"line":58,"column":35}}},"20":{"name":"(anonymous_20)","line":61,"loc":{"start":{"line":61,"column":36},"end":{"line":61,"column":47}}},"21":{"name":"(anonymous_21)","line":65,"loc":{"start":{"line":65,"column":32},"end":{"line":65,"column":43}}},"22":{"name":"(anonymous_22)","line":69,"loc":{"start":{"line":69,"column":38},"end":{"line":69,"column":49}}}},"statementMap":{"1":{"start":{"line":3,"column":0},"end":{"line":3,"column":38}},"2":{"start":{"line":4,"column":0},"end":{"line":4,"column":14}},"3":{"start":{"line":7,"column":0},"end":{"line":11,"column":3}},"4":{"start":{"line":8,"column":4},"end":{"line":10,"column":7}},"5":{"start":{"line":9,"column":8},"end":{"line":9,"column":32}},"6":{"start":{"line":13,"column":0},"end":{"line":73,"column":3}},"7":{"start":{"line":14,"column":4},"end":{"line":39,"column":7}},"8":{"start":{"line":15,"column":8},"end":{"line":15,"column":24}},"9":{"start":{"line":16,"column":8},"end":{"line":16,"column":42}},"10":{"start":{"line":17,"column":8},"end":{"line":17,"column":44}},"11":{"start":{"line":18,"column":8},"end":{"line":18,"column":50}},"12":{"start":{"line":19,"column":8},"end":{"line":19,"column":35}},"13":{"start":{"line":20,"column":8},"end":{"line":20,"column":37}},"14":{"start":{"line":21,"column":8},"end":{"line":21,"column":43}},"15":{"start":{"line":22,"column":8},"end":{"line":37,"column":10}},"16":{"start":{"line":24,"column":16},"end":{"line":24,"column":24}},"17":{"start":{"line":29,"column":16},"end":{"line":29,"column":36}},"18":{"start":{"line":32,"column":16},"end":{"line":32,"column":38}},"19":{"start":{"line":35,"column":16},"end":{"line":35,"column":44}},"20":{"start":{"line":38,"column":8},"end":{"line":38,"column":30}},"21":{"start":{"line":40,"column":4},"end":{"line":42,"column":7}},"22":{"start":{"line":41,"column":8},"end":{"line":41,"column":18}},"23":{"start":{"line":43,"column":4},"end":{"line":45,"column":7}},"24":{"start":{"line":44,"column":8},"end":{"line":44,"column":50}},"25":{"start":{"line":46,"column":4},"end":{"line":48,"column":7}},"26":{"start":{"line":47,"column":8},"end":{"line":47,"column":63}},"27":{"start":{"line":49,"column":4},"end":{"line":51,"column":7}},"28":{"start":{"line":50,"column":8},"end":{"line":50,"column":59}},"29":{"start":{"line":52,"column":4},"end":{"line":54,"column":7}},"30":{"start":{"line":53,"column":8},"end":{"line":53,"column":65}},"31":{"start":{"line":55,"column":4},"end":{"line":57,"column":7}},"32":{"start":{"line":56,"column":8},"end":{"line":56,"column":58}},"33":{"start":{"line":58,"column":4},"end":{"line":60,"column":7}},"34":{"start":{"line":59,"column":8},"end":{"line":59,"column":62}},"35":{"start":{"line":61,"column":4},"end":{"line":64,"column":7}},"36":{"start":{"line":62,"column":8},"end":{"line":62,"column":26}},"37":{"start":{"line":63,"column":8},"end":{"line":63,"column":53}},"38":{"start":{"line":65,"column":4},"end":{"line":68,"column":7}},"39":{"start":{"line":66,"column":8},"end":{"line":66,"column":22}},"40":{"start":{"line":67,"column":8},"end":{"line":67,"column":55}},"41":{"start":{"line":69,"column":4},"end":{"line":72,"column":7}},"42":{"start":{"line":70,"column":8},"end":{"line":70,"column":28}},"43":{"start":{"line":71,"column":8},"end":{"line":71,"column":61}}},"branchMap":{}},"/Users/williamshackelford/Sites/white-label-view/dist/index.js":{"path":"/Users/williamshackelford/Sites/white-label-view/dist/index.js","s":{"1":1,"2":1,"3":1,"4":3,"5":3,"6":3,"7":3,"8":3,"9":3,"10":1,"11":1,"12":1,"13":1,"14":0,"15":1,"16":1,"17":9,"18":0,"19":1,"20":1,"21":1,"22":9,"23":9,"24":1,"25":0,"26":0,"27":0,"28":1,"29":1},"b":{"1":[3,3],"2":[3,0],"3":[1,0],"4":[0,1],"5":[0,9],"6":[0,9]},"f":{"1":1,"2":1,"3":1,"4":9,"5":1,"6":1,"7":9,"8":0,"9":0,"10":0},"fnMap":{"1":{"name":"(anonymous_1)","line":3,"loc":{"start":{"line":3,"column":19},"end":{"line":3,"column":31}}},"2":{"name":"defineProperties","line":3,"loc":{"start":{"line":3,"column":33},"end":{"line":3,"column":74}}},"3":{"name":"(anonymous_3)","line":3,"loc":{"start":{"line":3,"column":357},"end":{"line":3,"column":405}}},"4":{"name":"_classCallCheck","line":5,"loc":{"start":{"line":5,"column":0},"end":{"line":5,"column":48}}},"5":{"name":"(anonymous_5)","line":7,"loc":{"start":{"line":7,"column":1},"end":{"line":7,"column":13}}},"6":{"name":"(anonymous_6)","line":15,"loc":{"start":{"line":15,"column":15},"end":{"line":15,"column":27}}},"7":{"name":"View","line":16,"loc":{"start":{"line":16,"column":8},"end":{"line":16,"column":24}}},"8":{"name":"initialize","line":24,"loc":{"start":{"line":24,"column":19},"end":{"line":24,"column":41}}},"9":{"name":"render","line":30,"loc":{"start":{"line":30,"column":19},"end":{"line":30,"column":37}}},"10":{"name":"addListeners","line":36,"loc":{"start":{"line":36,"column":19},"end":{"line":36,"column":43}}}},"statementMap":{"1":{"start":{"line":3,"column":0},"end":{"line":3,"column":564}},"2":{"start":{"line":3,"column":33},"end":{"line":3,"column":349}},"3":{"start":{"line":3,"column":76},"end":{"line":3,"column":347}},"4":{"start":{"line":3,"column":117},"end":{"line":3,"column":143}},"5":{"start":{"line":3,"column":144},"end":{"line":3,"column":199}},"6":{"start":{"line":3,"column":200},"end":{"line":3,"column":231}},"7":{"start":{"line":3,"column":232},"end":{"line":3,"column":286}},"8":{"start":{"line":3,"column":259},"end":{"line":3,"column":286}},"9":{"start":{"line":3,"column":287},"end":{"line":3,"column":345}},"10":{"start":{"line":3,"column":350},"end":{"line":3,"column":559}},"11":{"start":{"line":3,"column":407},"end":{"line":3,"column":475}},"12":{"start":{"line":3,"column":423},"end":{"line":3,"column":475}},"13":{"start":{"line":3,"column":476},"end":{"line":3,"column":536}},"14":{"start":{"line":3,"column":493},"end":{"line":3,"column":536}},"15":{"start":{"line":3,"column":537},"end":{"line":3,"column":556}},"16":{"start":{"line":5,"column":0},"end":{"line":5,"column":153}},"17":{"start":{"line":5,"column":50},"end":{"line":5,"column":151}},"18":{"start":{"line":5,"column":92},"end":{"line":5,"column":149}},"19":{"start":{"line":7,"column":0},"end":{"line":46,"column":5}},"20":{"start":{"line":15,"column":4},"end":{"line":43,"column":8}},"21":{"start":{"line":16,"column":8},"end":{"line":20,"column":9}},"22":{"start":{"line":17,"column":12},"end":{"line":17,"column":40}},"23":{"start":{"line":19,"column":12},"end":{"line":19,"column":96}},"24":{"start":{"line":22,"column":8},"end":{"line":40,"column":12}},"25":{"start":{"line":26,"column":16},"end":{"line":26,"column":28}},"26":{"start":{"line":32,"column":16},"end":{"line":32,"column":28}},"27":{"start":{"line":38,"column":16},"end":{"line":38,"column":28}},"28":{"start":{"line":42,"column":8},"end":{"line":42,"column":20}},"29":{"start":{"line":45,"column":4},"end":{"line":45,"column":26}}},"branchMap":{"1":{"line":3,"type":"binary-expr","locations":[{"start":{"line":3,"column":168},"end":{"line":3,"column":189}},{"start":{"line":3,"column":193},"end":{"line":3,"column":198}}]},"2":{"line":3,"type":"if","locations":[{"start":{"line":3,"column":232},"end":{"line":3,"column":232}},{"start":{"line":3,"column":232},"end":{"line":3,"column":232}}]},"3":{"line":3,"type":"if","locations":[{"start":{"line":3,"column":407},"end":{"line":3,"column":407}},{"start":{"line":3,"column":407},"end":{"line":3,"column":407}}]},"4":{"line":3,"type":"if","locations":[{"start":{"line":3,"column":476},"end":{"line":3,"column":476}},{"start":{"line":3,"column":476},"end":{"line":3,"column":476}}]},"5":{"line":5,"type":"if","locations":[{"start":{"line":5,"column":50},"end":{"line":5,"column":50}},{"start":{"line":5,"column":50},"end":{"line":5,"column":50}}]},"6":{"line":19,"type":"cond-expr","locations":[{"start":{"line":19,"column":61},"end":{"line":19,"column":90}},{"start":{"line":19,"column":93},"end":{"line":19,"column":95}}]}}}}