{"/Users/williamshackelford/Sites/white-label-view/spec/testspec.js":{"path":"/Users/williamshackelford/Sites/white-label-view/spec/testspec.js","s":{"1":1,"2":1,"3":1,"4":1,"5":1,"6":1,"7":1,"8":1,"9":1,"10":1,"11":1,"12":1},"b":{},"f":{"1":1,"2":1,"3":1,"4":1,"5":1,"6":1},"fnMap":{"1":{"name":"(anonymous_1)","line":7,"loc":{"start":{"line":7,"column":20},"end":{"line":7,"column":31}}},"2":{"name":"(anonymous_2)","line":8,"loc":{"start":{"line":8,"column":44},"end":{"line":8,"column":55}}},"3":{"name":"(anonymous_3)","line":13,"loc":{"start":{"line":13,"column":19},"end":{"line":13,"column":30}}},"4":{"name":"(anonymous_4)","line":14,"loc":{"start":{"line":14,"column":15},"end":{"line":14,"column":26}}},"5":{"name":"(anonymous_5)","line":17,"loc":{"start":{"line":17,"column":14},"end":{"line":17,"column":25}}},"6":{"name":"(anonymous_6)","line":20,"loc":{"start":{"line":20,"column":23},"end":{"line":20,"column":34}}}},"statementMap":{"1":{"start":{"line":3,"column":0},"end":{"line":3,"column":38}},"2":{"start":{"line":4,"column":0},"end":{"line":4,"column":14}},"3":{"start":{"line":7,"column":0},"end":{"line":11,"column":3}},"4":{"start":{"line":8,"column":4},"end":{"line":10,"column":7}},"5":{"start":{"line":9,"column":8},"end":{"line":9,"column":32}},"6":{"start":{"line":13,"column":0},"end":{"line":23,"column":3}},"7":{"start":{"line":14,"column":4},"end":{"line":16,"column":7}},"8":{"start":{"line":15,"column":8},"end":{"line":15,"column":26}},"9":{"start":{"line":17,"column":4},"end":{"line":19,"column":7}},"10":{"start":{"line":18,"column":8},"end":{"line":18,"column":18}},"11":{"start":{"line":20,"column":4},"end":{"line":22,"column":7}},"12":{"start":{"line":21,"column":8},"end":{"line":21,"column":50}}},"branchMap":{}},"/Users/williamshackelford/Sites/white-label-view/dist/index.js":{"path":"/Users/williamshackelford/Sites/white-label-view/dist/index.js","s":{"1":1,"2":1,"3":0,"4":1,"5":1,"6":0,"7":0,"8":0,"9":1,"10":1,"11":1,"12":1,"13":1},"b":{"1":[0,1],"2":[1,0],"3":[1,0]},"f":{"1":1,"2":1,"3":1,"4":1,"5":1},"fnMap":{"1":{"name":"(anonymous_1)","line":1,"loc":{"start":{"line":1,"column":1},"end":{"line":1,"column":28}}},"2":{"name":"(anonymous_2)","line":13,"loc":{"start":{"line":13,"column":9},"end":{"line":13,"column":27}}},"3":{"name":"(anonymous_3)","line":16,"loc":{"start":{"line":16,"column":5},"end":{"line":16,"column":17}}},"4":{"name":"VIEW","line":24,"loc":{"start":{"line":24,"column":19},"end":{"line":24,"column":44}}},"5":{"name":"(anonymous_5)","line":27,"loc":{"start":{"line":27,"column":30},"end":{"line":27,"column":42}}}},"statementMap":{"1":{"start":{"line":1,"column":0},"end":{"line":35,"column":3}},"2":{"start":{"line":2,"column":4},"end":{"line":12,"column":5}},"3":{"start":{"line":3,"column":8},"end":{"line":3,"column":36}},"4":{"start":{"line":4,"column":11},"end":{"line":12,"column":5}},"5":{"start":{"line":5,"column":8},"end":{"line":5,"column":24}},"6":{"start":{"line":7,"column":8},"end":{"line":9,"column":10}},"7":{"start":{"line":10,"column":8},"end":{"line":10,"column":21}},"8":{"start":{"line":11,"column":8},"end":{"line":11,"column":35}},"9":{"start":{"line":16,"column":4},"end":{"line":34,"column":9}},"10":{"start":{"line":24,"column":8},"end":{"line":31,"column":10}},"11":{"start":{"line":27,"column":12},"end":{"line":27,"column":45}},"12":{"start":{"line":30,"column":12},"end":{"line":30,"column":30}},"13":{"start":{"line":33,"column":8},"end":{"line":33,"column":30}}},"branchMap":{"1":{"line":2,"type":"if","locations":[{"start":{"line":2,"column":4},"end":{"line":2,"column":4}},{"start":{"line":2,"column":4},"end":{"line":2,"column":4}}]},"2":{"line":2,"type":"binary-expr","locations":[{"start":{"line":2,"column":8},"end":{"line":2,"column":36}},{"start":{"line":2,"column":40},"end":{"line":2,"column":50}}]},"3":{"line":4,"type":"if","locations":[{"start":{"line":4,"column":11},"end":{"line":4,"column":11}},{"start":{"line":4,"column":11},"end":{"line":4,"column":11}}]}}}}