TN:
SF:/Users/williamshackelford/Sites/white-label-view/spec/testspec.js
FN:7,(anonymous_1)
FN:8,(anonymous_2)
FN:13,(anonymous_3)
FN:14,(anonymous_4)
FN:16,(anonymous_5)
FN:17,(anonymous_6)
FN:21,(anonymous_7)
FN:24,(anonymous_8)
FN:26,(anonymous_9)
FN:29,(anonymous_10)
FN:35,(anonymous_11)
FN:38,(anonymous_12)
FN:41,(anonymous_13)
FN:44,(anonymous_14)
FN:47,(anonymous_15)
FN:50,(anonymous_16)
FN:53,(anonymous_17)
FN:56,(anonymous_18)
FNF:18
FNH:15
FNDA:1,(anonymous_1)
FNDA:1,(anonymous_2)
FNDA:1,(anonymous_3)
FNDA:7,(anonymous_4)
FNDA:0,(anonymous_5)
FNDA:0,(anonymous_6)
FNDA:7,(anonymous_7)
FNDA:0,(anonymous_8)
FNDA:7,(anonymous_9)
FNDA:7,(anonymous_10)
FNDA:7,(anonymous_11)
FNDA:1,(anonymous_12)
FNDA:1,(anonymous_13)
FNDA:1,(anonymous_14)
FNDA:1,(anonymous_15)
FNDA:1,(anonymous_16)
FNDA:1,(anonymous_17)
FNDA:1,(anonymous_18)
DA:3,1
DA:4,1
DA:7,1
DA:8,1
DA:9,1
DA:13,1
DA:14,1
DA:15,7
DA:16,7
DA:17,7
DA:18,7
DA:19,7
DA:20,7
DA:22,7
DA:27,7
DA:30,7
DA:33,7
DA:35,1
DA:36,7
DA:38,1
DA:39,1
DA:41,1
DA:42,1
DA:44,1
DA:45,1
DA:47,1
DA:48,1
DA:50,1
DA:51,1
DA:53,1
DA:54,1
DA:56,1
DA:57,1
LF:33
LH:33
BRF:0
BRH:0
end_of_record
TN:
SF:/Users/williamshackelford/Sites/white-label-view/dist/index.js
FN:1,(anonymous_1)
FN:13,(anonymous_2)
FN:16,_classCallCheck
FN:22,(anonymous_4)
FN:23,defineProperties
FN:33,(anonymous_6)
FN:40,(anonymous_7)
FN:48,(anonymous_8)
FN:49,View
FN:59,initialize
FN:65,render
FNF:11
FNH:9
FNDA:1,(anonymous_1)
FNDA:1,(anonymous_2)
FNDA:7,_classCallCheck
FNDA:1,(anonymous_4)
FNDA:1,defineProperties
FNDA:1,(anonymous_6)
FNDA:1,(anonymous_7)
FNDA:1,(anonymous_8)
FNDA:7,View
FNDA:0,initialize
FNDA:0,render
DA:1,1
DA:2,1
DA:3,0
DA:4,1
DA:5,1
DA:7,0
DA:10,0
DA:11,0
DA:16,1
DA:17,7
DA:18,0
DA:22,1
DA:23,1
DA:24,1
DA:25,2
DA:26,2
DA:27,2
DA:28,2
DA:29,2
DA:33,1
DA:34,1
DA:35,1
DA:36,1
DA:40,1
DA:48,1
DA:49,1
DA:50,7
DA:52,7
DA:53,7
DA:54,7
DA:57,1
DA:61,0
DA:67,0
DA:71,1
DA:74,1
LF:35
LH:28
BRDA:2,1,0,0
BRDA:2,1,1,1
BRDA:2,2,0,1
BRDA:2,2,1,0
BRDA:4,3,0,1
BRDA:4,3,1,0
BRDA:17,4,0,0
BRDA:17,4,1,7
BRDA:26,5,0,2
BRDA:26,5,1,2
BRDA:28,6,0,2
BRDA:28,6,1,0
BRDA:34,7,0,1
BRDA:34,7,1,0
BRDA:35,8,0,0
BRDA:35,8,1,1
BRDA:52,9,0,0
BRDA:52,9,1,7
BRF:18
BRH:10
end_of_record
