TN:
SF:/Users/williamshackelford/Sites/white-label-view/spec/testspec.js
FN:7,(anonymous_1)
FN:8,(anonymous_2)
FN:13,(anonymous_3)
FN:14,(anonymous_4)
FN:16,(anonymous_5)
FN:17,(anonymous_6)
FN:18,(anonymous_7)
FN:23,(anonymous_8)
FN:26,(anonymous_9)
FN:29,(anonymous_10)
FN:33,(anonymous_11)
FN:37,(anonymous_12)
FN:44,(anonymous_13)
FN:47,(anonymous_14)
FN:50,(anonymous_15)
FN:53,(anonymous_16)
FN:56,(anonymous_17)
FN:59,(anonymous_18)
FN:62,(anonymous_19)
FN:65,(anonymous_20)
FN:70,(anonymous_21)
FN:75,(anonymous_22)
FN:80,(anonymous_23)
FN:85,(anonymous_24)
FN:90,(anonymous_25)
FNF:25
FNH:21
FNDA:1,(anonymous_1)
FNDA:1,(anonymous_2)
FNDA:1,(anonymous_3)
FNDA:12,(anonymous_4)
FNDA:0,(anonymous_5)
FNDA:0,(anonymous_6)
FNDA:0,(anonymous_7)
FNDA:12,(anonymous_8)
FNDA:0,(anonymous_9)
FNDA:1,(anonymous_10)
FNDA:1,(anonymous_11)
FNDA:1,(anonymous_12)
FNDA:12,(anonymous_13)
FNDA:1,(anonymous_14)
FNDA:1,(anonymous_15)
FNDA:1,(anonymous_16)
FNDA:1,(anonymous_17)
FNDA:1,(anonymous_18)
FNDA:1,(anonymous_19)
FNDA:1,(anonymous_20)
FNDA:1,(anonymous_21)
FNDA:1,(anonymous_22)
FNDA:1,(anonymous_23)
FNDA:1,(anonymous_24)
FNDA:1,(anonymous_25)
DA:3,1
DA:4,1
DA:7,1
DA:8,1
DA:9,1
DA:13,1
DA:14,1
DA:15,12
DA:16,12
DA:17,12
DA:18,12
DA:19,12
DA:20,12
DA:21,12
DA:22,12
DA:24,12
DA:27,0
DA:30,1
DA:31,1
DA:34,1
DA:35,1
DA:38,1
DA:39,1
DA:42,12
DA:44,1
DA:45,12
DA:47,1
DA:48,1
DA:50,1
DA:51,1
DA:53,1
DA:54,1
DA:56,1
DA:57,1
DA:59,1
DA:60,1
DA:62,1
DA:63,1
DA:65,1
DA:66,1
DA:67,1
DA:68,1
DA:70,1
DA:71,1
DA:72,1
DA:73,1
DA:75,1
DA:76,1
DA:77,1
DA:78,1
DA:80,1
DA:81,1
DA:82,1
DA:83,1
DA:85,1
DA:86,1
DA:87,1
DA:88,1
DA:90,1
DA:91,1
DA:92,1
DA:93,1
LF:62
LH:61
BRF:0
BRH:0
end_of_record
TN:
SF:/Users/williamshackelford/Sites/white-label-view/dist/index.js
FN:3,(anonymous_1)
FN:3,defineProperties
FN:3,(anonymous_3)
FN:5,_classCallCheck
FN:7,(anonymous_5)
FN:15,(anonymous_6)
FN:16,View
FN:24,initialize
FN:30,render
FN:36,addListeners
FNF:10
FNH:10
FNDA:1,(anonymous_1)
FNDA:1,defineProperties
FNDA:1,(anonymous_3)
FNDA:15,_classCallCheck
FNDA:1,(anonymous_5)
FNDA:1,(anonymous_6)
FNDA:15,View
FNDA:1,initialize
FNDA:1,render
FNDA:1,addListeners
DA:3,3
DA:5,15
DA:7,1
DA:15,1
DA:16,1
DA:17,15
DA:19,15
DA:22,1
DA:26,1
DA:32,1
DA:38,1
DA:42,1
DA:45,1
LF:13
LH:13
BRDA:3,1,0,3
BRDA:3,1,1,3
BRDA:3,2,0,3
BRDA:3,2,1,0
BRDA:3,3,0,1
BRDA:3,3,1,0
BRDA:3,4,0,0
BRDA:3,4,1,1
BRDA:5,5,0,0
BRDA:5,5,1,15
BRDA:19,6,0,0
BRDA:19,6,1,15
BRF:12
BRH:7
end_of_record
